# JRE version: OpenJDK Runtime Environment Microsoft-8035246 (17.0.8+7) (build 17.0.8+7-LTS)
# Java VM: OpenJDK 64-Bit Server VM Microsoft-8035246 (17.0.8+7-LTS, mixed mode, sharing, tiered, compressed oops, compressed class ptrs, g1 gc, windows-amd64)
GC Precious Log:
 CPUs: 8 total, 8 available
 Memory: 7103M
 Large Page Support: Disabled
 NUMA Support: Disabled
 Compressed Oops: Enabled (32-bit)
 Heap Region Size: 1M
 Heap Min Capacity: 8M
 Heap Initial Capacity: 112M
 Heap Max Capacity: 2G
 Pre-touch: Disabled
 Parallel Workers: 8
 Concurrent Workers: 2
 Concurrent Refinement Workers: 8
 Periodic GC: Disabled
Heap:
 garbage-first heap   total 287744K, used 186538K [0x0000000080000000, 0x0000000100000000)
  region size 1024K, 13 young (13312K), 5 survivors (5120K)
 Metaspace       used 99163K, committed 100224K, reserved 557056K
  class space    used 13898K, committed 14400K, reserved 425984K
GC Heap History (20 events):
Event: 60.476 GC heap before
{Heap before GC invocations=59 (full 0):
 garbage-first heap   total 181248K, used 150548K [0x0000000080000000, 0x0000000100000000)
  region size 1024K, 32 young (32768K), 1 survivors (1024K)
 Metaspace       used 89475K, committed 90304K, reserved 557056K
  class space    used 12585K, committed 12992K, reserved 425984K
}
Event: 60.481 GC heap after
{Heap after GC invocations=60 (full 0):
 garbage-first heap   total 181248K, used 125822K [0x0000000080000000, 0x0000000100000000)
  region size 1024K, 4 young (4096K), 4 survivors (4096K)
 Metaspace       used 89475K, committed 90304K, reserved 557056K
  class space    used 12585K, committed 12992K, reserved 425984K
}
Event: 60.983 GC heap before
{Heap before GC invocations=61 (full 0):
 garbage-first heap   total 220160K, used 147326K [0x0000000080000000, 0x0000000100000000)
  region size 1024K, 26 young (26624K), 4 survivors (4096K)
 Metaspace       used 89742K, committed 90624K, reserved 557056K
  class space    used 12612K, committed 13056K, reserved 425984K
}
Event: 60.991 GC heap after
{Heap after GC invocations=62 (full 0):
 garbage-first heap   total 220160K, used 130317K [0x0000000080000000, 0x0000000100000000)
  region size 1024K, 4 young (4096K), 4 survivors (4096K)
 Metaspace       used 89742K, committed 90624K, reserved 557056K
  class space    used 12612K, committed 13056K, reserved 425984K
}
Event: 61.096 GC heap before
{Heap before GC invocations=62 (full 0):
 garbage-first heap   total 220160K, used 136461K [0x0000000080000000, 0x0000000100000000)
  region size 1024K, 10 young (10240K), 4 survivors (4096K)
 Metaspace       used 89770K, committed 90688K, reserved 557056K
  class space    used 12615K, committed 13056K, reserved 425984K
}
Event: 61.100 GC heap after
{Heap after GC invocations=63 (full 0):
 garbage-first heap   total 220160K, used 134294K [0x0000000080000000, 0x0000000100000000)
  region size 1024K, 2 young (2048K), 2 survivors (2048K)
 Metaspace       used 89770K, committed 90688K, reserved 557056K
  class space    used 12615K, committed 13056K, reserved 425984K
}
Event: 62.478 GC heap before
{Heap before GC invocations=63 (full 0):
 garbage-first heap   total 220160K, used 172182K [0x0000000080000000, 0x0000000100000000)
  region size 1024K, 38 young (38912K), 2 survivors (2048K)
 Metaspace       used 90204K, committed 91136K, reserved 557056K
  class space    used 12671K, committed 13120K, reserved 425984K
}
Event: 62.484 GC heap after
{Heap after GC invocations=64 (full 0):
 garbage-first heap   total 287744K, used 144841K [0x0000000080000000, 0x0000000100000000)
  region size 1024K, 5 young (5120K), 5 survivors (5120K)
 Metaspace       used 90204K, committed 91136K, reserved 557056K
  class space    used 12671K, committed 13120K, reserved 425984K
}
Event: 63.365 GC heap before
{Heap before GC invocations=64 (full 0):
 garbage-first heap   total 287744K, used 206281K [0x0000000080000000, 0x0000000100000000)
  region size 1024K, 65 young (66560K), 5 survivors (5120K)
 Metaspace       used 93689K, committed 94656K, reserved 557056K
  class space    used 13193K, committed 13632K, reserved 425984K
}
Event: 63.374 GC heap after
{Heap after GC invocations=65 (full 0):
 garbage-first heap   total 287744K, used 150564K [0x0000000080000000, 0x0000000100000000)
  region size 1024K, 9 young (9216K), 9 survivors (9216K)
 Metaspace       used 93689K, committed 94656K, reserved 557056K
  class space    used 13193K, committed 13632K, reserved 425984K
}
Event: 64.454 GC heap before
{Heap before GC invocations=65 (full 0):
 garbage-first heap   total 287744K, used 212004K [0x0000000080000000, 0x0000000100000000)
  region size 1024K, 69 young (70656K), 9 survivors (9216K)
 Metaspace       used 96707K, committed 97728K, reserved 557056K
  class space    used 13577K, committed 14080K, reserved 425984K
}
Event: 64.465 GC heap after
{Heap after GC invocations=66 (full 0):
 garbage-first heap   total 287744K, used 157593K [0x0000000080000000, 0x0000000100000000)
  region size 1024K, 7 young (7168K), 7 survivors (7168K)
 Metaspace       used 96707K, committed 97728K, reserved 557056K
  class space    used 13577K, committed 14080K, reserved 425984K
}
Event: 65.133 GC heap before
{Heap before GC invocations=66 (full 0):
 garbage-first heap   total 287744K, used 218009K [0x0000000080000000, 0x0000000100000000)
  region size 1024K, 66 young (67584K), 7 survivors (7168K)
 Metaspace       used 97401K, committed 98432K, reserved 557056K
  class space    used 13636K, committed 14144K, reserved 425984K
}
Event: 65.146 GC heap after
{Heap after GC invocations=67 (full 0):
 garbage-first heap   total 287744K, used 164106K [0x0000000080000000, 0x0000000100000000)
  region size 1024K, 7 young (7168K), 7 survivors (7168K)
 Metaspace       used 97401K, committed 98432K, reserved 557056K
  class space    used 13636K, committed 14144K, reserved 425984K
}
Event: 66.046 GC heap before
{Heap before GC invocations=67 (full 0):
 garbage-first heap   total 287744K, used 223498K [0x0000000080000000, 0x0000000100000000)
  region size 1024K, 66 young (67584K), 7 survivors (7168K)
 Metaspace       used 98667K, committed 99776K, reserved 557056K
  class space    used 13848K, committed 14400K, reserved 425984K
}
Event: 66.057 GC heap after
{Heap after GC invocations=68 (full 0):
 garbage-first heap   total 287744K, used 169474K [0x0000000080000000, 0x0000000100000000)
  region size 1024K, 6 young (6144K), 6 survivors (6144K)
 Metaspace       used 98667K, committed 99776K, reserved 557056K
  class space    used 13848K, committed 14400K, reserved 425984K
}
Event: 68.509 GC heap before
{Heap before GC invocations=68 (full 0):
 garbage-first heap   total 287744K, used 227842K [0x0000000080000000, 0x0000000100000000)
  region size 1024K, 64 young (65536K), 6 survivors (6144K)
 Metaspace       used 99115K, committed 100160K, reserved 557056K
  class space    used 13895K, committed 14400K, reserved 425984K
}
Event: 68.518 GC heap after
{Heap after GC invocations=69 (full 0):
 garbage-first heap   total 287744K, used 175207K [0x0000000080000000, 0x0000000100000000)
  region size 1024K, 6 young (6144K), 6 survivors (6144K)
 Metaspace       used 99115K, committed 100160K, reserved 557056K
  class space    used 13895K, committed 14400K, reserved 425984K
}
Event: 69.230 GC heap before
{Heap before GC invocations=69 (full 0):
 garbage-first heap   total 287744K, used 235623K [0x0000000080000000, 0x0000000100000000)
  region size 1024K, 62 young (63488K), 6 survivors (6144K)
 Metaspace       used 99137K, committed 100224K, reserved 557056K
  class space    used 13896K, committed 14400K, reserved 425984K
}
Event: 69.237 GC heap after
{Heap after GC invocations=70 (full 0):
 garbage-first heap   total 287744K, used 179370K [0x0000000080000000, 0x0000000100000000)
  region size 1024K, 5 young (5120K), 5 survivors (5120K)
 Metaspace       used 99137K, committed 100224K, reserved 557056K
  class space    used 13896K, committed 14400K, reserved 425984K
}

