# JRE version: OpenJDK Runtime Environment Microsoft-8035246 (17.0.8+7) (build 17.0.8+7-LTS)
# Java VM: OpenJDK 64-Bit Server VM Microsoft-8035246 (17.0.8+7-LTS, mixed mode, sharing, tiered, compressed oops, compressed class ptrs, g1 gc, windows-amd64)
GC Precious Log:
 CPUs: 8 total, 8 available
 Memory: 7103M
 Large Page Support: Disabled
 NUMA Support: Disabled
 Compressed Oops: Enabled (32-bit)
 Heap Region Size: 1M
 Heap Min Capacity: 8M
 Heap Initial Capacity: 112M
 Heap Max Capacity: 2G
 Pre-touch: Disabled
 Parallel Workers: 8
 Concurrent Workers: 2
 Concurrent Refinement Workers: 8
 Periodic GC: Disabled
Heap:
 garbage-first heap   total 413696K, used 296128K [0x0000000080000000, 0x0000000100000000)
  region size 1024K, 105 young (107520K), 11 survivors (11264K)
 Metaspace       used 108485K, committed 109696K, reserved 557056K
  class space    used 14964K, committed 15552K, reserved 425984K
GC Heap History (20 events):
Event: 23.980 GC heap before
{Heap before GC invocations=43 (full 0):
 garbage-first heap   total 181248K, used 152430K [0x0000000080000000, 0x0000000100000000)
  region size 1024K, 48 young (49152K), 1 survivors (1024K)
 Metaspace       used 87852K, committed 88768K, reserved 557056K
  class space    used 12433K, committed 12864K, reserved 425984K
}
Event: 23.987 GC heap after
{Heap after GC invocations=44 (full 0):
 garbage-first heap   total 181248K, used 115799K [0x0000000080000000, 0x0000000100000000)
  region size 1024K, 6 young (6144K), 6 survivors (6144K)
 Metaspace       used 87852K, committed 88768K, reserved 557056K
  class space    used 12433K, committed 12864K, reserved 425984K
}
Event: 24.511 GC heap before
{Heap before GC invocations=45 (full 0):
 garbage-first heap   total 206848K, used 149591K [0x0000000080000000, 0x0000000100000000)
  region size 1024K, 37 young (37888K), 6 survivors (6144K)
 Metaspace       used 89427K, committed 90304K, reserved 557056K
  class space    used 12576K, committed 12992K, reserved 425984K
}
Event: 24.520 GC heap after
{Heap after GC invocations=46 (full 0):
 garbage-first heap   total 206848K, used 124654K [0x0000000080000000, 0x0000000100000000)
  region size 1024K, 5 young (5120K), 5 survivors (5120K)
 Metaspace       used 89427K, committed 90304K, reserved 557056K
  class space    used 12576K, committed 12992K, reserved 425984K
}
Event: 24.593 GC heap before
{Heap before GC invocations=46 (full 0):
 garbage-first heap   total 206848K, used 128750K [0x0000000080000000, 0x0000000100000000)
  region size 1024K, 10 young (10240K), 5 survivors (5120K)
 Metaspace       used 89532K, committed 90432K, reserved 557056K
  class space    used 12595K, committed 13056K, reserved 425984K
}
Event: 24.598 GC heap after
{Heap after GC invocations=47 (full 0):
 garbage-first heap   total 206848K, used 127103K [0x0000000080000000, 0x0000000100000000)
  region size 1024K, 2 young (2048K), 2 survivors (2048K)
 Metaspace       used 89532K, committed 90432K, reserved 557056K
  class space    used 12595K, committed 13056K, reserved 425984K
}
Event: 25.158 GC heap before
{Heap before GC invocations=47 (full 0):
 garbage-first heap   total 206848K, used 164991K [0x0000000080000000, 0x0000000100000000)
  region size 1024K, 38 young (38912K), 2 survivors (2048K)
 Metaspace       used 89962K, committed 90880K, reserved 557056K
  class space    used 12646K, committed 13120K, reserved 425984K
}
Event: 25.167 GC heap after
{Heap after GC invocations=48 (full 0):
 garbage-first heap   total 413696K, used 137713K [0x0000000080000000, 0x0000000100000000)
  region size 1024K, 5 young (5120K), 5 survivors (5120K)
 Metaspace       used 89962K, committed 90880K, reserved 557056K
  class space    used 12646K, committed 13120K, reserved 425984K
}
Event: 27.440 GC heap before
{Heap before GC invocations=48 (full 0):
 garbage-first heap   total 413696K, used 285169K [0x0000000080000000, 0x0000000100000000)
  region size 1024K, 147 young (150528K), 5 survivors (5120K)
 Metaspace       used 96618K, committed 97664K, reserved 557056K
  class space    used 13567K, committed 14080K, reserved 425984K
}
Event: 27.460 GC heap after
{Heap after GC invocations=49 (full 0):
 garbage-first heap   total 413696K, used 156365K [0x0000000080000000, 0x0000000100000000)
  region size 1024K, 19 young (19456K), 19 survivors (19456K)
 Metaspace       used 96618K, committed 97664K, reserved 557056K
  class space    used 13567K, committed 14080K, reserved 425984K
}
Event: 28.962 GC heap before
{Heap before GC invocations=49 (full 0):
 garbage-first heap   total 413696K, used 293581K [0x0000000080000000, 0x0000000100000000)
  region size 1024K, 154 young (157696K), 19 survivors (19456K)
 Metaspace       used 98825K, committed 99904K, reserved 557056K
  class space    used 13858K, committed 14400K, reserved 425984K
}
Event: 28.986 GC heap after
{Heap after GC invocations=50 (full 0):
 garbage-first heap   total 413696K, used 169296K [0x0000000080000000, 0x0000000100000000)
  region size 1024K, 13 young (13312K), 13 survivors (13312K)
 Metaspace       used 98825K, committed 99904K, reserved 557056K
  class space    used 13858K, committed 14400K, reserved 425984K
}
Event: 30.159 GC heap before
{Heap before GC invocations=50 (full 0):
 garbage-first heap   total 413696K, used 313680K [0x0000000080000000, 0x0000000100000000)
  region size 1024K, 147 young (150528K), 13 survivors (13312K)
 Metaspace       used 99414K, committed 100480K, reserved 557056K
  class space    used 13925K, committed 14464K, reserved 425984K
}
Event: 30.177 GC heap after
{Heap after GC invocations=51 (full 0):
 garbage-first heap   total 413696K, used 181048K [0x0000000080000000, 0x0000000100000000)
  region size 1024K, 12 young (12288K), 12 survivors (12288K)
 Metaspace       used 99414K, committed 100480K, reserved 557056K
  class space    used 13925K, committed 14464K, reserved 425984K
}
Event: 31.571 GC heap before
{Heap before GC invocations=51 (full 0):
 garbage-first heap   total 413696K, used 337720K [0x0000000080000000, 0x0000000100000000)
  region size 1024K, 146 young (149504K), 12 survivors (12288K)
 Metaspace       used 99911K, committed 101120K, reserved 557056K
  class space    used 13990K, committed 14592K, reserved 425984K
}
Event: 31.591 GC heap after
{Heap after GC invocations=52 (full 0):
 garbage-first heap   total 413696K, used 191097K [0x0000000080000000, 0x0000000100000000)
  region size 1024K, 11 young (11264K), 11 survivors (11264K)
 Metaspace       used 99911K, committed 101120K, reserved 557056K
  class space    used 13990K, committed 14592K, reserved 425984K
}
Event: 32.471 GC heap before
{Heap before GC invocations=52 (full 0):
 garbage-first heap   total 413696K, used 337529K [0x0000000080000000, 0x0000000100000000)
  region size 1024K, 143 young (146432K), 11 survivors (11264K)
 Metaspace       used 100138K, committed 101376K, reserved 557056K
  class space    used 14014K, committed 14592K, reserved 425984K
}
Event: 32.485 GC heap after
{Heap after GC invocations=53 (full 0):
 garbage-first heap   total 413696K, used 199464K [0x0000000080000000, 0x0000000100000000)
  region size 1024K, 8 young (8192K), 8 survivors (8192K)
 Metaspace       used 100138K, committed 101376K, reserved 557056K
  class space    used 14014K, committed 14592K, reserved 425984K
}
Event: 4101.821 GC heap before
{Heap before GC invocations=53 (full 0):
 garbage-first heap   total 413696K, used 337704K [0x0000000080000000, 0x0000000100000000)
  region size 1024K, 139 young (142336K), 8 survivors (8192K)
 Metaspace       used 103157K, committed 104384K, reserved 557056K
  class space    used 14305K, committed 14912K, reserved 425984K
}
Event: 4101.872 GC heap after
{Heap after GC invocations=54 (full 0):
 garbage-first heap   total 413696K, used 201920K [0x0000000080000000, 0x0000000100000000)
  region size 1024K, 11 young (11264K), 11 survivors (11264K)
 Metaspace       used 103157K, committed 104384K, reserved 557056K
  class space    used 14305K, committed 14912K, reserved 425984K
}

